0 info it worked if it ends with ok
1 verbose cli [ '/Users/Ryan.Zhong/.nvm/versions/node/v6.0.0/bin/node',
1 verbose cli   '/Users/Ryan.Zhong/.nvm/versions/node/v6.0.0/bin/npm',
1 verbose cli   'i',
1 verbose cli   '-g',
1 verbose cli   'nodemon',
1 verbose cli   'to',
1 verbose cli   'updat' ]
2 info using npm@3.8.6
3 info using node@v6.0.0
4 silly loadCurrentTree Starting
5 silly install loadCurrentTree
6 silly install readGlobalPackageData
7 silly fetchPackageMetaData nodemon
8 silly fetchPackageMetaData to
9 silly fetchPackageMetaData updat
10 silly fetchNamedPackageData nodemon
11 silly mapToRegistry name nodemon
12 silly mapToRegistry using default registry
13 silly mapToRegistry registry http://registry.npmjs.org/
14 silly mapToRegistry data Result {
14 silly mapToRegistry   raw: 'nodemon',
14 silly mapToRegistry   scope: null,
14 silly mapToRegistry   name: 'nodemon',
14 silly mapToRegistry   rawSpec: '',
14 silly mapToRegistry   spec: 'latest',
14 silly mapToRegistry   type: 'tag' }
15 silly mapToRegistry uri http://registry.npmjs.org/nodemon
16 silly fetchNamedPackageData to
17 silly mapToRegistry name to
18 silly mapToRegistry using default registry
19 silly mapToRegistry registry http://registry.npmjs.org/
20 silly mapToRegistry data Result {
20 silly mapToRegistry   raw: 'to',
20 silly mapToRegistry   scope: null,
20 silly mapToRegistry   name: 'to',
20 silly mapToRegistry   rawSpec: '',
20 silly mapToRegistry   spec: 'latest',
20 silly mapToRegistry   type: 'tag' }
21 silly mapToRegistry uri http://registry.npmjs.org/to
22 silly fetchNamedPackageData updat
23 silly mapToRegistry name updat
24 silly mapToRegistry using default registry
25 silly mapToRegistry registry http://registry.npmjs.org/
26 silly mapToRegistry data Result {
26 silly mapToRegistry   raw: 'updat',
26 silly mapToRegistry   scope: null,
26 silly mapToRegistry   name: 'updat',
26 silly mapToRegistry   rawSpec: '',
26 silly mapToRegistry   spec: 'latest',
26 silly mapToRegistry   type: 'tag' }
27 silly mapToRegistry uri http://registry.npmjs.org/updat
28 verbose request uri http://registry.npmjs.org/to
29 verbose request no auth needed
30 info attempt registry request try #1 at 14:49:02
31 verbose request id 80fc0125b178e03b
32 http request GET http://registry.npmjs.org/to
33 verbose request uri http://registry.npmjs.org/updat
34 verbose request no auth needed
35 info attempt registry request try #1 at 14:49:03
36 http request GET http://registry.npmjs.org/updat
37 verbose request uri http://registry.npmjs.org/nodemon
38 verbose request no auth needed
39 info attempt registry request try #1 at 14:49:03
40 verbose etag "5a2f134a-35683"
41 verbose lastModified Mon, 11 Dec 2017 23:22:50 GMT
42 http request GET http://registry.npmjs.org/nodemon
43 http 200 http://registry.npmjs.org/to
44 verbose headers { 'content-type': 'application/json; charset=UTF-8',
44 verbose headers   server: 'UploadServer',
44 verbose headers   'cache-control': 'max-age=300',
44 verbose headers   'last-modified': 'Wed, 12 Dec 2012 2:47:19 GMT',
44 verbose headers   etag: '"50c7f037-91a2"',
44 verbose headers   'content-encoding': 'gzip',
44 verbose headers   'content-length': '3517',
44 verbose headers   'accept-ranges': 'bytes',
44 verbose headers   date: 'Thu, 14 Dec 2017 06:49:03 GMT',
44 verbose headers   via: '1.1 varnish',
44 verbose headers   age: '4272',
44 verbose headers   connection: 'keep-alive',
44 verbose headers   'x-served-by': 'cache-hnd18745-HND',
44 verbose headers   'x-cache': 'HIT',
44 verbose headers   'x-cache-hits': '1',
44 verbose headers   'x-timer': 'S1513234144.582926,VS0,VE0',
44 verbose headers   vary: 'Accept-Encoding, Accept' }
45 silly get cb [ 200,
45 silly get   { 'content-type': 'application/json; charset=UTF-8',
45 silly get     server: 'UploadServer',
45 silly get     'cache-control': 'max-age=300',
45 silly get     'last-modified': 'Wed, 12 Dec 2012 2:47:19 GMT',
45 silly get     etag: '"50c7f037-91a2"',
45 silly get     'content-encoding': 'gzip',
45 silly get     'content-length': '3517',
45 silly get     'accept-ranges': 'bytes',
45 silly get     date: 'Thu, 14 Dec 2017 06:49:03 GMT',
45 silly get     via: '1.1 varnish',
45 silly get     age: '4272',
45 silly get     connection: 'keep-alive',
45 silly get     'x-served-by': 'cache-hnd18745-HND',
45 silly get     'x-cache': 'HIT',
45 silly get     'x-cache-hits': '1',
45 silly get     'x-timer': 'S1513234144.582926,VS0,VE0',
45 silly get     vary: 'Accept-Encoding, Accept' } ]
46 verbose get saving to to /Users/Ryan.Zhong/.npm/registry.npmjs.org/to/.cache.json
47 verbose correctMkdir /Users/Ryan.Zhong/.npm correctMkdir not in flight; initializing
48 http 200 http://registry.npmjs.org/nodemon
49 verbose headers { 'content-type': 'application/json; charset=UTF-8',
49 verbose headers   server: 'UploadServer',
49 verbose headers   'cache-control': 'max-age=300',
49 verbose headers   'last-modified': 'Wed, 13 Dec 2017 22:23:38 GMT',
49 verbose headers   etag: '"5a31a86a-36d6e"',
49 verbose headers   'content-encoding': 'gzip',
49 verbose headers   'content-length': '23948',
49 verbose headers   'accept-ranges': 'bytes',
49 verbose headers   date: 'Thu, 14 Dec 2017 06:49:03 GMT',
49 verbose headers   via: '1.1 varnish',
49 verbose headers   age: '13924',
49 verbose headers   connection: 'keep-alive',
49 verbose headers   'x-served-by': 'cache-hnd18742-HND',
49 verbose headers   'x-cache': 'HIT',
49 verbose headers   'x-cache-hits': '11',
49 verbose headers   'x-timer': 'S1513234144.564476,VS0,VE0',
49 verbose headers   vary: 'Accept-Encoding, Accept' }
50 silly get cb [ 200,
50 silly get   { 'content-type': 'application/json; charset=UTF-8',
50 silly get     server: 'UploadServer',
50 silly get     'cache-control': 'max-age=300',
50 silly get     'last-modified': 'Wed, 13 Dec 2017 22:23:38 GMT',
50 silly get     etag: '"5a31a86a-36d6e"',
50 silly get     'content-encoding': 'gzip',
50 silly get     'content-length': '23948',
50 silly get     'accept-ranges': 'bytes',
50 silly get     date: 'Thu, 14 Dec 2017 06:49:03 GMT',
50 silly get     via: '1.1 varnish',
50 silly get     age: '13924',
50 silly get     connection: 'keep-alive',
50 silly get     'x-served-by': 'cache-hnd18742-HND',
50 silly get     'x-cache': 'HIT',
50 silly get     'x-cache-hits': '11',
50 silly get     'x-timer': 'S1513234144.564476,VS0,VE0',
50 silly get     vary: 'Accept-Encoding, Accept' } ]
51 verbose get saving nodemon to /Users/Ryan.Zhong/.npm/registry.npmjs.org/nodemon/.cache.json
52 verbose correctMkdir /Users/Ryan.Zhong/.npm correctMkdir not in flight; initializing
53 http 404 http://registry.npmjs.org/updat
54 verbose headers { 'content-type': 'application/json',
54 verbose headers   'cache-control': 'max-age=0',
54 verbose headers   'content-length': '2',
54 verbose headers   'accept-ranges': 'bytes',
54 verbose headers   date: 'Thu, 14 Dec 2017 06:49:05 GMT',
54 verbose headers   via: '1.1 varnish',
54 verbose headers   connection: 'keep-alive',
54 verbose headers   'x-served-by': 'cache-hnd18744-HND',
54 verbose headers   'x-cache': 'MISS',
54 verbose headers   'x-cache-hits': '0',
54 verbose headers   'x-timer': 'S1513234144.581204,VS0,VE1446',
54 verbose headers   vary: 'Accept-Encoding' }
55 silly get cb [ 404,
55 silly get   { 'content-type': 'application/json',
55 silly get     'cache-control': 'max-age=0',
55 silly get     'content-length': '2',
55 silly get     'accept-ranges': 'bytes',
55 silly get     date: 'Thu, 14 Dec 2017 06:49:05 GMT',
55 silly get     via: '1.1 varnish',
55 silly get     connection: 'keep-alive',
55 silly get     'x-served-by': 'cache-hnd18744-HND',
55 silly get     'x-cache': 'MISS',
55 silly get     'x-cache-hits': '0',
55 silly get     'x-timer': 'S1513234144.581204,VS0,VE1446',
55 silly get     vary: 'Accept-Encoding' } ]
56 silly fetchPackageMetaData Error: Registry returned 404 for GET on http://registry.npmjs.org/updat
56 silly fetchPackageMetaData     at makeError (/Users/Ryan.Zhong/.nvm/versions/node/v6.0.0/lib/node_modules/npm/node_modules/npm-registry-client/lib/request.js:264:12)
56 silly fetchPackageMetaData     at CachingRegistryClient.<anonymous> (/Users/Ryan.Zhong/.nvm/versions/node/v6.0.0/lib/node_modules/npm/node_modules/npm-registry-client/lib/request.js:242:14)
56 silly fetchPackageMetaData     at Request._callback (/Users/Ryan.Zhong/.nvm/versions/node/v6.0.0/lib/node_modules/npm/node_modules/npm-registry-client/lib/request.js:172:14)
56 silly fetchPackageMetaData     at Request.self.callback (/Users/Ryan.Zhong/.nvm/versions/node/v6.0.0/lib/node_modules/npm/node_modules/request/request.js:199:22)
56 silly fetchPackageMetaData     at emitTwo (events.js:106:13)
56 silly fetchPackageMetaData     at Request.emit (events.js:191:7)
56 silly fetchPackageMetaData     at Request.<anonymous> (/Users/Ryan.Zhong/.nvm/versions/node/v6.0.0/lib/node_modules/npm/node_modules/request/request.js:1036:10)
56 silly fetchPackageMetaData     at emitOne (events.js:101:20)
56 silly fetchPackageMetaData     at Request.emit (events.js:188:7)
56 silly fetchPackageMetaData     at IncomingMessage.<anonymous> (/Users/Ryan.Zhong/.nvm/versions/node/v6.0.0/lib/node_modules/npm/node_modules/request/request.js:963:12)
56 silly fetchPackageMetaData  error for updat { Error: Registry returned 404 for GET on http://registry.npmjs.org/updat
56 silly fetchPackageMetaData     at makeError (/Users/Ryan.Zhong/.nvm/versions/node/v6.0.0/lib/node_modules/npm/node_modules/npm-registry-client/lib/request.js:264:12)
56 silly fetchPackageMetaData     at CachingRegistryClient.<anonymous> (/Users/Ryan.Zhong/.nvm/versions/node/v6.0.0/lib/node_modules/npm/node_modules/npm-registry-client/lib/request.js:242:14)
56 silly fetchPackageMetaData     at Request._callback (/Users/Ryan.Zhong/.nvm/versions/node/v6.0.0/lib/node_modules/npm/node_modules/npm-registry-client/lib/request.js:172:14)
56 silly fetchPackageMetaData     at Request.self.callback (/Users/Ryan.Zhong/.nvm/versions/node/v6.0.0/lib/node_modules/npm/node_modules/request/request.js:199:22)
56 silly fetchPackageMetaData     at emitTwo (events.js:106:13)
56 silly fetchPackageMetaData     at Request.emit (events.js:191:7)
56 silly fetchPackageMetaData     at Request.<anonymous> (/Users/Ryan.Zhong/.nvm/versions/node/v6.0.0/lib/node_modules/npm/node_modules/request/request.js:1036:10)
56 silly fetchPackageMetaData     at emitOne (events.js:101:20)
56 silly fetchPackageMetaData     at Request.emit (events.js:188:7)
56 silly fetchPackageMetaData     at IncomingMessage.<anonymous> (/Users/Ryan.Zhong/.nvm/versions/node/v6.0.0/lib/node_modules/npm/node_modules/request/request.js:963:12) pkgid: 'updat', statusCode: 404, code: 'E404' }
57 silly rollbackFailedOptional Starting
58 silly rollbackFailedOptional Finishing
59 silly runTopLevelLifecycles Starting
60 silly runTopLevelLifecycles Finishing
61 silly install printInstalled
62 verbose stack Error: Registry returned 404 for GET on http://registry.npmjs.org/updat
62 verbose stack     at makeError (/Users/Ryan.Zhong/.nvm/versions/node/v6.0.0/lib/node_modules/npm/node_modules/npm-registry-client/lib/request.js:264:12)
62 verbose stack     at CachingRegistryClient.<anonymous> (/Users/Ryan.Zhong/.nvm/versions/node/v6.0.0/lib/node_modules/npm/node_modules/npm-registry-client/lib/request.js:242:14)
62 verbose stack     at Request._callback (/Users/Ryan.Zhong/.nvm/versions/node/v6.0.0/lib/node_modules/npm/node_modules/npm-registry-client/lib/request.js:172:14)
62 verbose stack     at Request.self.callback (/Users/Ryan.Zhong/.nvm/versions/node/v6.0.0/lib/node_modules/npm/node_modules/request/request.js:199:22)
62 verbose stack     at emitTwo (events.js:106:13)
62 verbose stack     at Request.emit (events.js:191:7)
62 verbose stack     at Request.<anonymous> (/Users/Ryan.Zhong/.nvm/versions/node/v6.0.0/lib/node_modules/npm/node_modules/request/request.js:1036:10)
62 verbose stack     at emitOne (events.js:101:20)
62 verbose stack     at Request.emit (events.js:188:7)
62 verbose stack     at IncomingMessage.<anonymous> (/Users/Ryan.Zhong/.nvm/versions/node/v6.0.0/lib/node_modules/npm/node_modules/request/request.js:963:12)
63 verbose statusCode 404
64 verbose pkgid updat
65 verbose cwd /Users/Ryan.Zhong/Movies/chat-app
66 error Darwin 17.2.0
67 error argv "/Users/Ryan.Zhong/.nvm/versions/node/v6.0.0/bin/node" "/Users/Ryan.Zhong/.nvm/versions/node/v6.0.0/bin/npm" "i" "-g" "nodemon" "to" "updat"
68 error node v6.0.0
69 error npm  v3.8.6
70 error code E404
71 error 404 Registry returned 404 for GET on http://registry.npmjs.org/updat
72 error 404
73 error 404 'updat' is not in the npm registry.
74 error 404 You should bug the author to publish it (or use the name yourself!)
75 error 404 Note that you can also install from a
76 error 404 tarball, folder, http url, or git url.
77 verbose exit [ 1, true ]
